<?xml version="1.0" encoding="UTF-8"?>
<testsuite xmlns:xsi="http://www.w3.org/2001/XMLSchema-instance" xsi:noNamespaceSchemaLocation="https://maven.apache.org/surefire/maven-surefire-plugin/xsd/surefire-test-report.xsd" name="com.zanabazar.memoryCache.cache.TestStrategyLFU" time="0.27" tests="5" errors="0" skipped="0" failures="0">
  <properties>
[...]
</properties>
  <testcase name="testWithAddNull" classname="com.zanabazar.memoryCache.cache.TestStrategyLFU" time="0.012"/>
  <testcase name="testSingleton" classname="com.zanabazar.memoryCache.cache.TestStrategyLFU" time="0.001"/>
  <testcase name="removeOneItem" classname="com.zanabazar.memoryCache.cache.TestStrategyLFU" time="0.001"/>
  <testcase name="testWithZeroSize" classname="com.zanabazar.memoryCache.cache.TestStrategyLFU" time="0.052"/>
  <testcase name="test" classname="com.zanabazar.memoryCache.cache.TestStrategyLFU" time="0"/>
</testsuite>